<?xml version="1.0" encoding="UTF-8"?>
<testng-results skipped="0" failed="0" total="2" passed="2">
  <reporter-output>
  </reporter-output>
  <suite name="Practice Suite" duration-ms="7387" started-at="2023-05-19T05:49:02Z" finished-at="2023-05-19T05:49:10Z">
    <groups>
      <group name="cucumber">
        <method signature="AbstractTestNGCucumberTests.runScenario(io.cucumber.testng.PickleWrapper, io.cucumber.testng.FeatureWrapper)[pri:0, instance:TestRunnerAPI.TestRunnerAPI@27a5f880]" name="runScenario" class="io.cucumber.testng.AbstractTestNGCucumberTests"/>
      </group> <!-- cucumber -->
    </groups>
    <test name="Test Basics API" duration-ms="7387" started-at="2023-05-19T05:49:02Z" finished-at="2023-05-19T05:49:10Z">
      <class name="TestRunnerAPI.TestRunnerAPI">
        <test-method status="PASS" signature="setUpClass()[pri:0, instance:TestRunnerAPI.TestRunnerAPI@27a5f880]" name="setUpClass" is-config="true" duration-ms="664" started-at="2023-05-19T11:19:02Z" finished-at="2023-05-19T11:19:03Z">
          <reporter-output>
          </reporter-output>
        </test-method> <!-- setUpClass -->
        <test-method status="PASS" signature="runScenario(io.cucumber.testng.PickleWrapper, io.cucumber.testng.FeatureWrapper)[pri:0, instance:TestRunnerAPI.TestRunnerAPI@27a5f880]" name="runScenario" duration-ms="4396" started-at="2023-05-19T11:19:03Z" description="Runs Cucumber Scenarios" data-provider="scenarios" finished-at="2023-05-19T11:19:08Z">
          <params>
            <param index="0">
              <value>
                <![CDATA["Creat User"]]>
              </value>
            </param>
            <param index="1">
              <value>
                <![CDATA["Optional[JSONPlaceholder API]"]]>
              </value>
            </param>
          </params>
          <reporter-output>
          </reporter-output>
        </test-method> <!-- runScenario -->
        <test-method status="PASS" signature="runScenario(io.cucumber.testng.PickleWrapper, io.cucumber.testng.FeatureWrapper)[pri:0, instance:TestRunnerAPI.TestRunnerAPI@27a5f880]" name="runScenario" duration-ms="154" started-at="2023-05-19T11:19:08Z" description="Runs Cucumber Scenarios" data-provider="scenarios" finished-at="2023-05-19T11:19:08Z">
          <params>
            <param index="0">
              <value>
                <![CDATA["Retrieve all posts"]]>
              </value>
            </param>
            <param index="1">
              <value>
                <![CDATA["Optional[JSONPlaceholder API]"]]>
              </value>
            </param>
          </params>
          <reporter-output>
          </reporter-output>
        </test-method> <!-- runScenario -->
        <test-method status="PASS" signature="tearDownClass()[pri:0, instance:TestRunnerAPI.TestRunnerAPI@27a5f880]" name="tearDownClass" is-config="true" duration-ms="2149" started-at="2023-05-19T11:19:08Z" finished-at="2023-05-19T11:19:10Z">
          <reporter-output>
          </reporter-output>
        </test-method> <!-- tearDownClass -->
      </class> <!-- TestRunnerAPI.TestRunnerAPI -->
    </test> <!-- Test Basics API -->
  </suite> <!-- Practice Suite -->
</testng-results>
